<?xml version="1.0" encoding="UTF-8"?>
<testsuite xmlns:xsi="http://www.w3.org/2001/XMLSchema-instance" xsi:noNamespaceSchemaLocation="https://maven.apache.org/surefire/maven-surefire-plugin/xsd/surefire-test-report.xsd" version="3.0.2" name="com.sunrisedental.util.ValidatorTest" time="0.01" tests="13" errors="0" skipped="0" failures="0">
  <properties>
[...]
</properties>
  <testcase name="testEmptyEmailAllowed" classname="com.sunrisedental.util.ValidatorTest" time="0.0"/>
  <testcase name="testRequireWithValidValue" classname="com.sunrisedental.util.ValidatorTest" time="0.001"/>
  <testcase name="testNullDate" classname="com.sunrisedental.util.ValidatorTest" time="0.0"/>
  <testcase name="testNullPhoneNumber" classname="com.sunrisedental.util.ValidatorTest" time="0.0"/>
  <testcase name="testValidEmail" classname="com.sunrisedental.util.ValidatorTest" time="0.0"/>
  <testcase name="testRequireWithNullValue" classname="com.sunrisedental.util.ValidatorTest" time="0.001"/>
  <testcase name="testInvalidPastDate" classname="com.sunrisedental.util.ValidatorTest" time="0.0"/>
  <testcase name="testValidTodayDate" classname="com.sunrisedental.util.ValidatorTest" time="0.0"/>
  <testcase name="testValidPhoneNumber" classname="com.sunrisedental.util.ValidatorTest" time="0.0"/>
  <testcase name="testInvalidPhoneNumber" classname="com.sunrisedental.util.ValidatorTest" time="0.001"/>
  <testcase name="testInvalidEmail" classname="com.sunrisedental.util.ValidatorTest" time="0.0"/>
  <testcase name="testRequireWithEmptyValue" classname="com.sunrisedental.util.ValidatorTest" time="0.001"/>
  <testcase name="testValidFutureDate" classname="com.sunrisedental.util.ValidatorTest" time="0.0"/>
</testsuite>